<?xml version="1.0" encoding="UTF-8"?>
<!-- Generated by org.testng.reporters.JUnitXMLReporter -->
<testsuite ignored="0" hostname="Ragnar" failures="0" tests="3" name="Default test" time="17.024" errors="0" timestamp="2024-11-27T20:24:16 IST">
  <testcase classname="test.RegistrationTest" name="testregisterwithinvalidcredentials" time="2.143"/>
  <testcase classname="test.RegistrationTest" name="testregisterwithvalidcredentials" time="2.534"/>
  <testcase classname="test.RegistrationTest" name="testValidLogin" time="7.665"/>
</testsuite> <!-- Default test -->
