<?xml version="1.0" encoding="UTF-8"?>
<testng-results ignored="0" total="1" passed="1" failed="0" skipped="0">
  <reporter-output>
  </reporter-output>
  <suite started-at="2024-12-20T14:46:55 IST" name="Default suite" finished-at="2024-12-20T14:47:01 IST" duration-ms="6244">
    <groups>
    </groups>
    <test started-at="2024-12-20T14:46:55 IST" name="Default test" finished-at="2024-12-20T14:47:01 IST" duration-ms="6244">
      <class name="test.ScrollBarsTest">
        <test-method is-config="true" signature="setUp()[pri:0, instance:test.ScrollBarsTest@bcec361]" started-at="2024-12-20T14:46:55 IST" name="setUp" finished-at="2024-12-20T14:47:01 IST" duration-ms="5813" status="PASS">
          <reporter-output>
          </reporter-output>
        </test-method> <!-- setUp -->
        <test-method signature="ClickButton()[pri:0, instance:test.ScrollBarsTest@bcec361]" started-at="2024-12-20T14:47:01 IST" name="ClickButton" finished-at="2024-12-20T14:47:01 IST" duration-ms="181" status="PASS">
          <reporter-output>
          </reporter-output>
        </test-method> <!-- ClickButton -->
        <test-method is-config="true" signature="tearDown()[pri:0, instance:test.ScrollBarsTest@bcec361]" started-at="2024-12-20T14:47:01 IST" name="tearDown" finished-at="2024-12-20T14:47:01 IST" duration-ms="217" status="PASS">
          <reporter-output>
          </reporter-output>
        </test-method> <!-- tearDown -->
      </class> <!-- test.ScrollBarsTest -->
    </test> <!-- Default test -->
  </suite> <!-- Default suite -->
</testng-results>
