<?xml version="1.0" encoding="UTF-8"?>
<testng-results ignored="0" total="3" passed="3" failed="0" skipped="0">
  <reporter-output>
  </reporter-output>
  <suite started-at="2024-11-27T20:23:59 IST" name="Default suite" finished-at="2024-11-27T20:24:16 IST" duration-ms="17024">
    <groups>
    </groups>
    <test started-at="2024-11-27T20:23:59 IST" name="Default test" finished-at="2024-11-27T20:24:16 IST" duration-ms="17024">
      <class name="test.RegistrationTest">
        <test-method is-config="true" signature="setUp()[pri:0, instance:test.RegistrationTest@3d285d7e]" started-at="2024-11-27T20:23:59 IST" name="setUp" finished-at="2024-11-27T20:24:04 IST" duration-ms="4373" status="PASS">
          <reporter-output>
          </reporter-output>
        </test-method> <!-- setUp -->
        <test-method signature="testregisterwithinvalidcredentials()[pri:1, instance:test.RegistrationTest@3d285d7e]" started-at="2024-11-27T20:24:04 IST" name="testregisterwithinvalidcredentials" finished-at="2024-11-27T20:24:06 IST" duration-ms="2143" status="PASS">
          <reporter-output>
          </reporter-output>
        </test-method> <!-- testregisterwithinvalidcredentials -->
        <test-method signature="testregisterwithvalidcredentials()[pri:2, instance:test.RegistrationTest@3d285d7e]" started-at="2024-11-27T20:24:06 IST" name="testregisterwithvalidcredentials" finished-at="2024-11-27T20:24:08 IST" duration-ms="2534" status="PASS">
          <reporter-output>
          </reporter-output>
        </test-method> <!-- testregisterwithvalidcredentials -->
        <test-method signature="testValidLogin()[pri:3, instance:test.RegistrationTest@3d285d7e]" started-at="2024-11-27T20:24:08 IST" name="testValidLogin" finished-at="2024-11-27T20:24:16 IST" duration-ms="7665" status="PASS">
          <reporter-output>
          </reporter-output>
        </test-method> <!-- testValidLogin -->
        <test-method is-config="true" signature="tearDown()[pri:0, instance:test.RegistrationTest@3d285d7e]" started-at="2024-11-27T20:24:16 IST" name="tearDown" finished-at="2024-11-27T20:24:16 IST" duration-ms="272" status="PASS">
          <reporter-output>
          </reporter-output>
        </test-method> <!-- tearDown -->
      </class> <!-- test.RegistrationTest -->
    </test> <!-- Default test -->
  </suite> <!-- Default suite -->
</testng-results>
